<?xml version="1.0" encoding="UTF-8"?>
<testng-results ignored="0" total="1" passed="1" failed="0" skipped="0">
  <reporter-output>
    <line>
      <![CDATA[Step 1: Browser launched Successfull]]>
    </line>
    <line>
      <![CDATA[Step 2: Login Successfull]]>
    </line>
    <line>
      <![CDATA[Step 3: Product added Successfull]]>
    </line>
  </reporter-output>
  <suite started-at="2025-05-10T10:32:53 IST" name="Default suite" finished-at="2025-05-10T10:33:03 IST" duration-ms="10216">
    <groups>
    </groups>
    <test started-at="2025-05-10T10:32:53 IST" name="Default test" finished-at="2025-05-10T10:33:03 IST" duration-ms="10216">
      <class name="ProductTest.Ravali_Test">
        <test-method signature="Task1()[pri:0, instance:ProductTest.Ravali_Test@34123d65]" started-at="2025-05-10T10:32:53 IST" name="Task1" finished-at="2025-05-10T10:33:03 IST" duration-ms="10088" status="PASS">
          <reporter-output>
            <line>
              <![CDATA[Step 1: Browser launched Successfull]]>
            </line>
            <line>
              <![CDATA[Step 2: Login Successfull]]>
            </line>
            <line>
              <![CDATA[Step 3: Product added Successfull]]>
            </line>
          </reporter-output>
        </test-method> <!-- Task1 -->
      </class> <!-- ProductTest.Ravali_Test -->
    </test> <!-- Default test -->
  </suite> <!-- Default suite -->
</testng-results>
